<?xml version="1.0" encoding="utf-8"?><testsuites name="pytest tests"><testsuite name="pytest" errors="0" failures="0" skipped="0" tests="15" time="4.874" timestamp="2026-09-04T03:55:10.327370+00:00" hostname="agent-env-0258a95f-297f-459c-9ac9-88f98b5a8db2"><testcase classname="tests.test_admin_auth" name="test_login_success_sets_cookie" time="0.445" /><testcase classname="tests.test_admin_auth" name="test_login_wrong_password" time="0.361" /><testcase classname="tests.test_admin_auth" name="test_me_without_cookie_401" time="0.133" /><testcase classname="tests.test_admin_auth" name="test_me_with_cookie_200" time="0.409" /><testcase classname="tests.test_admin_auth" name="test_logout_clears_cookie" time="0.543" /><testcase classname="tests.test_admin_auth" name="test_reports_get_requires_auth[/reports/dashboard]" time="0.119" /><testcase classname="tests.test_admin_auth" name="test_reports_get_requires_auth[/reports/clients]" time="0.223" /><testcase classname="tests.test_admin_auth" name="test_reports_get_requires_auth[/reports/analyses]" time="0.155" /><testcase classname="tests.test_admin_auth" name="test_reports_post_requires_auth" time="0.174" /><testcase classname="tests.test_admin_auth" name="test_reports_authenticated_200" time="0.481" /><testcase classname="tests.test_admin_auth" name="test_portal_invalid_token_404" time="0.130" /><testcase classname="tests.test_admin_auth" name="test_portal_public_flow" time="0.762" /><testcase classname="tests.test_admin_auth" name="test_docs_disabled[/api/openapi.json]" time="0.093" /><testcase classname="tests.test_admin_auth" name="test_docs_disabled[/api/docs]" time="0.194" /><testcase classname="tests.test_admin_auth" name="test_docs_disabled[/api/redoc]" time="0.138" /></testsuite></testsuites>