<?xml version="1.0" encoding="utf-8"?><testsuites name="pytest tests"><testsuite name="pytest" errors="0" failures="0" skipped="0" tests="16" time="5.146" timestamp="2026-09-04T03:43:11.314111+00:00" hostname="agent-env-0258a95f-297f-459c-9ac9-88f98b5a8db2"><testcase classname="tests.test_client_portal.TestAdminPortalCRUD" name="test_create_returns_token_and_path" time="0.367" /><testcase classname="tests.test_client_portal.TestAdminPortalCRUD" name="test_create_is_idempotent" time="0.269" /><testcase classname="tests.test_client_portal.TestAdminPortalCRUD" name="test_get_returns_active" time="0.106" /><testcase classname="tests.test_client_portal.TestAdminPortalCRUD" name="test_regenerate_invalidates_old" time="0.516" /><testcase classname="tests.test_client_portal.TestAdminPortalCRUD" name="test_revoke_disables" time="0.690" /><testcase classname="tests.test_client_portal.TestPortalPublicRoutes" name="test_session" time="0.258" /><testcase classname="tests.test_client_portal.TestPortalPublicRoutes" name="test_own_analysis_ok" time="0.259" /><testcase classname="tests.test_client_portal.TestPortalPublicRoutes" name="test_cross_company_forbidden" time="0.880" /><testcase classname="tests.test_client_portal.TestPortalPublicRoutes" name="test_cross_company_panel_forbidden" time="0.542" /><testcase classname="tests.test_client_portal.TestPortalPublicRoutes" name="test_invalid_token_404" time="0.124" /><testcase classname="tests.test_client_portal.TestPortalPublicRoutes" name="test_analyses_only_own_company" time="0.320" /><testcase classname="tests.test_client_portal.TestPortalPublicRoutes" name="test_panel_own_ok" time="0.265" /><testcase classname="tests.test_client_portal.TestAdminRegression" name="test_dashboard" time="0.118" /><testcase classname="tests.test_client_portal.TestAdminRegression" name="test_clients_list" time="0.152" /><testcase classname="tests.test_client_portal.TestAdminRegression" name="test_analysis_get" time="0.099" /><testcase classname="tests.test_client_portal.TestAdminRegression" name="test_config" time="0.104" /></testsuite></testsuites>