<?xml version="1.0" encoding="utf-8"?><testsuites name="pytest tests"><testsuite name="pytest" errors="0" failures="0" skipped="0" tests="13" time="2.501" timestamp="2026-08-27T18:18:32.792111+00:00" hostname="agent-env-0258a95f-297f-459c-9ac9-88f98b5a8db2"><testcase classname="tests.test_deck" name="test_deck_info" time="0.445" /><testcase classname="tests.test_deck" name="test_deck_slide_png[1]" time="0.184" /><testcase classname="tests.test_deck" name="test_deck_slide_png[2]" time="0.143" /><testcase classname="tests.test_deck" name="test_deck_slide_png[3]" time="0.111" /><testcase classname="tests.test_deck" name="test_deck_slide_png[4]" time="0.136" /><testcase classname="tests.test_deck" name="test_deck_slide_png[5]" time="0.120" /><testcase classname="tests.test_deck" name="test_deck_slide_png[6]" time="0.127" /><testcase classname="tests.test_deck" name="test_deck_slide_png[7]" time="0.108" /><testcase classname="tests.test_deck" name="test_deck_slide_png[8]" time="0.107" /><testcase classname="tests.test_deck" name="test_deck_slide_png[9]" time="0.123" /><testcase classname="tests.test_deck" name="test_deck_slide_not_found" time="0.097" /><testcase classname="tests.test_deck" name="test_deck_download_pptx" time="0.112" /><testcase classname="tests.test_deck" name="test_deck_pdf" time="0.113" /></testsuite></testsuites>