<?xml version="1.0" encoding="utf-8"?><testsuites name="pytest tests"><testsuite name="pytest" errors="0" failures="0" skipped="0" tests="17" time="26.340" timestamp="2026-09-01T10:37:02.144895+00:00" hostname="agent-env-0258a95f-297f-459c-9ac9-88f98b5a8db2"><testcase classname="tests.test_felcont_reports.TestPipelineCreate" name="test_create_analysis" time="0.160" /><testcase classname="tests.test_felcont_reports.TestExistingAnalysis" name="test_get" time="0.171" /><testcase classname="tests.test_felcont_reports.TestExistingAnalysis" name="test_doc_type_recognized" time="0.197" /><testcase classname="tests.test_felcont_reports.TestExistingAnalysis" name="test_validation_ok_and_balance_check" time="0.143" /><testcase classname="tests.test_felcont_reports.TestPipelineCreate" name="test_upload_document" time="10.273" /><testcase classname="tests.test_felcont_reports.TestExistingAnalysis" name="test_disponibilidade_value" time="2.984" /><testcase classname="tests.test_felcont_reports.TestExistingAnalysis" name="test_dre_fields_insufficient_never_invented" time="0.215" /><testcase classname="tests.test_felcont_reports.TestExistingAnalysis" name="test_diagnosis_present" time="0.149" /><testcase classname="tests.test_felcont_reports.TestExistingAnalysis" name="test_slides_dynamic_no_dre_slide" time="0.234" /><testcase classname="tests.test_felcont_reports.TestExistingAnalysis" name="test_download_pptx" time="0.259" /><testcase classname="tests.test_felcont_reports.TestExistingAnalysis" name="test_download_pdf" time="0.138" /><testcase classname="tests.test_felcont_reports.TestClients" name="test_list_clients" time="0.149" /><testcase classname="tests.test_felcont_reports.TestClients" name="test_get_client_from_existing_analysis" time="0.268" /><testcase classname="tests.test_felcont_reports.TestClients" name="test_get_client_404" time="0.119" /><testcase classname="tests.test_felcont_reports.TestDashboard" name="test_dashboard_shape" time="0.140" /><testcase classname="tests.test_felcont_reports.TestPipelineCreate" name="test_diagnose_and_generate" time="15.284" /><testcase classname="tests.test_felcont_reports.TestPipelineCreate" name="test_cleanup" time="0.000" /></testsuite></testsuites>