<?xml version="1.0" encoding="utf-8"?><testsuites name="pytest tests"><testsuite name="pytest" errors="0" failures="0" skipped="0" tests="8" time="19.015" timestamp="2026-09-01T11:09:46.851927+00:00" hostname="agent-env-0258a95f-297f-459c-9ac9-88f98b5a8db2"><testcase classname="tests.test_new_features.TestCompare" name="test_compare_warning_for_different_durations" time="0.571" /><testcase classname="tests.test_new_features.TestConfig" name="test_get_config_defaults" time="0.256" /><testcase classname="tests.test_new_features.TestConfig" name="test_put_config_persists" time="0.456" /><testcase classname="tests.test_new_features.TestCompare" name="test_compare_returns_rows_for_existing_with_self" time="0.146" /><testcase classname="tests.test_new_features.TestConfig" name="test_upload_logo_and_get" time="0.346" /><testcase classname="tests.test_new_features.TestCompare" name="test_compare_404" time="0.230" /><testcase classname="tests.test_new_features.TestWaterfall" name="test_diagnose_produces_waterfall_slide" time="14.869" /><testcase classname="tests.test_new_features.TestWaterfall" name="test_generate_pptx_with_waterfall" time="2.529" /></testsuite></testsuites>