<?xml version="1.0" encoding="utf-8"?><testsuites name="pytest tests"><testsuite name="pytest" errors="0" failures="0" skipped="0" tests="18" time="3.723" timestamp="2026-03-06T14:11:56.296611+00:00" hostname="agent-env-810b0099-4911-4d96-9233-95c9480d9273"><testcase classname="tests.test_cupim_api.TestHealthAndRoot" name="test_root_endpoint" time="0.281" /><testcase classname="tests.test_cupim_api.TestCashEndpoints" name="test_create_cash_entry" time="0.421" /><testcase classname="tests.test_cupim_api.TestCashEndpoints" name="test_get_cash_entries" time="0.105" /><testcase classname="tests.test_cupim_api.TestDeliveryEndpoints" name="test_create_delivery" time="0.401" /><testcase classname="tests.test_cupim_api.TestDeliveryEndpoints" name="test_get_deliveries" time="0.133" /><testcase classname="tests.test_cupim_api.TestDeliveryEndpoints" name="test_update_delivery_status" time="0.527" /><testcase classname="tests.test_cupim_api.TestDelivererEndpoints" name="test_create_deliverer" time="0.226" /><testcase classname="tests.test_cupim_api.TestDelivererEndpoints" name="test_get_deliverers" time="0.101" /><testcase classname="tests.test_cupim_api.TestEmployeePaymentEndpoints" name="test_create_employee_payment" time="0.255" /><testcase classname="tests.test_cupim_api.TestEmployeePaymentEndpoints" name="test_get_employee_payments" time="0.107" /><testcase classname="tests.test_cupim_api.TestBackupEndpoint" name="test_backup_with_valid_date" time="0.125" /><testcase classname="tests.test_cupim_api.TestBackupEndpoint" name="test_backup_with_invalid_date_format" time="0.100" /><testcase classname="tests.test_cupim_api.TestBackupEndpoint" name="test_backup_with_past_date" time="0.137" /><testcase classname="tests.test_cupim_api.TestExportEndpoints" name="test_export_excel" time="0.136" /><testcase classname="tests.test_cupim_api.TestExportEndpoints" name="test_export_summary_pdf" time="0.120" /><testcase classname="tests.test_cupim_api.TestExportEndpoints" name="test_export_reports_pdf" time="0.107" /><testcase classname="tests.test_cupim_api.TestExportEndpoints" name="test_export_employees_pdf" time="0.113" /><testcase classname="tests.test_cupim_api.TestClientsPool" name="test_get_clients_pool" time="0.152" /></testsuite></testsuites>