<?xml version="1.0" encoding="utf-8"?><testsuites name="pytest tests"><testsuite name="pytest" errors="0" failures="0" skipped="0" tests="23" time="6.687" timestamp="2026-08-21T16:34:56.784410+00:00" hostname="agent-env-810b0099-4911-4d96-9233-95c9480d9273"><testcase classname="backend.tests.test_websocket_coverage.TestWebSocketBroadcastCoverage" name="test_post_cash_creates_entry" time="0.397" /><testcase classname="backend.tests.test_websocket_coverage.TestWebSocketBroadcastCoverage" name="test_delete_cash_removes_entry" time="0.351" /><testcase classname="backend.tests.test_websocket_coverage.TestWebSocketBroadcastCoverage" name="test_post_deliveries_creates_delivery" time="0.160" /><testcase classname="backend.tests.test_websocket_coverage.TestWebSocketBroadcastCoverage" name="test_patch_deliveries_updates_delivery" time="0.156" /><testcase classname="backend.tests.test_websocket_coverage.TestWebSocketBroadcastCoverage" name="test_patch_deliveries_status_change_broadcasts" time="0.162" /><testcase classname="backend.tests.test_websocket_coverage.TestWebSocketBroadcastCoverage" name="test_patch_deliveries_finished_broadcasts" time="0.163" /><testcase classname="backend.tests.test_websocket_coverage.TestWebSocketBroadcastCoverage" name="test_patch_deliveries_cancelled_broadcasts" time="0.178" /><testcase classname="backend.tests.test_websocket_coverage.TestWebSocketBroadcastCoverage" name="test_patch_deliveries_uncancelled_broadcasts" time="0.277" /><testcase classname="backend.tests.test_websocket_coverage.TestWebSocketBroadcastCoverage" name="test_delete_deliveries_removes_delivery" time="0.160" /><testcase classname="backend.tests.test_websocket_coverage.TestWebSocketBroadcastCoverage" name="test_post_deliverers_creates_deliverer" time="0.193" /><testcase classname="backend.tests.test_websocket_coverage.TestWebSocketBroadcastCoverage" name="test_delete_deliverers_removes_deliverer" time="0.161" /><testcase classname="backend.tests.test_websocket_coverage.TestWebSocketBroadcastCoverage" name="test_post_employee_payments_creates_payment" time="0.212" /><testcase classname="backend.tests.test_websocket_coverage.TestWebSocketBroadcastCoverage" name="test_delete_employee_payments_removes_payment" time="0.233" /><testcase classname="backend.tests.test_websocket_coverage.TestWebSocketBroadcastCoverage" name="test_post_stock_creates_item" time="0.154" /><testcase classname="backend.tests.test_websocket_coverage.TestWebSocketBroadcastCoverage" name="test_patch_stock_updates_item" time="0.172" /><testcase classname="backend.tests.test_websocket_coverage.TestWebSocketBroadcastCoverage" name="test_delete_stock_removes_item" time="0.148" /><testcase classname="backend.tests.test_websocket_coverage.TestTroco2Calculation" name="test_post_delivery_with_troco2" time="0.144" /><testcase classname="backend.tests.test_websocket_coverage.TestTroco2Calculation" name="test_patch_delivery_recalculates_troco2" time="0.124" /><testcase classname="backend.tests.test_websocket_coverage.TestTroco2Calculation" name="test_patch_delivery_troco2_with_amount2_change" time="0.136" /><testcase classname="backend.tests.test_websocket_coverage.TestTroco2Calculation" name="test_cleanup_troco2_delivery" time="0.155" /><testcase classname="backend.tests.test_websocket_coverage.TestDataClearIncludesStock" name="test_data_clear_setup" time="0.689" /><testcase classname="backend.tests.test_websocket_coverage.TestDataClearIncludesStock" name="test_data_clear_deletes_all_including_stock" time="1.208" /><testcase classname="backend.tests.test_websocket_coverage.TestDelivererAssignment" name="test_deliverer_assignment_broadcasts" time="0.775" /></testsuite></testsuites>